<?xml version="1.0" encoding="UTF-8"?>
<!-- Generated by org.testng.reporters.JUnitReportReporter -->
<testsuite hostname="DESKTOP-EJOKALK" failures="0" tests="1" name="driverFactory.DriverScript" time="46.548" errors="0" timestamp="22 Jun 2023 13:37:26 GMT">
  <testcase classname="driverFactory.DriverScript" name="startTest" time="46.548"/>
</testsuite> <!-- driverFactory.DriverScript -->
